{
 "cells": [
  {
   "cell_type": "markdown",
   "metadata": {},
   "source": [
    "## Interpreting Explain Plans\n",
    "\n",
    "Let us review the below explain plans and understand key terms which will help us in interpreting them.\n",
    "* Seq Scan\n",
    "* Index Scan\n",
    "* Nested Loop\n",
    "\n",
    "Here are the explain plans for different queries.\n",
    "* Explain plan for query to get number of orders.\n",
    "\n",
    "```sql\n",
    "EXPLAIN\n",
    "SELECT count(1) FROM orders;\n",
    "```\n",
    "\n",
    "```text\n",
    "                            QUERY PLAN\n",
    "-------------------------------------------------------------------\n",
    " Aggregate  (cost=1386.04..1386.05 rows=1 width=8)\n",
    "   ->  Seq Scan on orders  (cost=0.00..1213.83 rows=68883 width=0)\n",
    "(2 rows)\n",
    "```\n",
    "\n",
    "* Explain plan for query to get number of orders by date.\n",
    "\n",
    "```sql\n",
    "EXPLAIN\n",
    "SELECT order_date, count(1) AS order_count\n",
    "FROM orders\n",
    "GROUP BY order_date;\n",
    "```\n",
    "\n",
    "```text\n",
    "                            QUERY PLAN\n",
    "-------------------------------------------------------------------\n",
    " HashAggregate  (cost=1558.24..1561.88 rows=364 width=16)\n",
    "   Group Key: order_date\n",
    "   ->  Seq Scan on orders  (cost=0.00..1213.83 rows=68883 width=8)\n",
    "(3 rows)\n",
    "```\n",
    "\n",
    "* Explain plan for query to get order details for a given order id.\n",
    "\n",
    "```sql\n",
    "EXPLAIN\n",
    "SELECT * FROM orders\n",
    "WHERE order_id = 2;\n",
    "```\n",
    "\n",
    "```text\n",
    "                                QUERY PLAN\n",
    "---------------------------------------------------------------------------\n",
    " Index Scan using orders_pkey on orders  (cost=0.29..8.31 rows=1 width=26)\n",
    "   Index Cond: (order_id = 2)\n",
    "(2 rows)\n",
    "```\n",
    "\n",
    "* Explain plan for query to get order and order item details for a given order id.\n",
    "\n",
    "```sql\n",
    "EXPLAIN\n",
    "SELECT o.*,\n",
    "    oi.order_item_subtotal\n",
    "FROM orders o JOIN order_items oi\n",
    "    ON o.order_id = oi.order_item_order_id\n",
    "WHERE o.order_id = 2;\n",
    "```\n",
    "\n",
    "```text\n",
    "                                    QUERY PLAN\n",
    "-----------------------------------------------------------------------------------\n",
    " Nested Loop  (cost=0.29..3427.82 rows=4 width=34)\n",
    "   ->  Index Scan using orders_pkey on orders o  (cost=0.29..8.31 rows=1 width=26)\n",
    "         Index Cond: (order_id = 2)\n",
    "   ->  Seq Scan on order_items oi  (cost=0.00..3419.47 rows=4 width=12)\n",
    "         Filter: (order_item_order_id = 2)\n",
    "(5 rows)\n",
    "```\n",
    "\n",
    "```{note}\n",
    "We should understand the order in which the query plans should be interpreted.\n",
    "```\n",
    "\n",
    "* Explain plan for a query with multiple joins\n",
    "\n",
    "```sql\n",
    "EXPLAIN\n",
    "SELECT \n",
    "    o.order_date,\n",
    "    d.department_id,\n",
    "    d.department_name,\n",
    "    c.category_name,\n",
    "    p.product_name,\n",
    "    round(sum(oi.order_item_subtotal)::numeric, 2) AS revenue\n",
    "FROM orders o\n",
    "    JOIN order_items oi\n",
    "        ON o.order_id = oi.order_item_order_id\n",
    "    JOIN products p\n",
    "        ON p.product_id = oi.order_item_product_id\n",
    "    JOIN categories c\n",
    "        ON c.category_id = p.product_category_id\n",
    "    JOIN departments d\n",
    "        ON d.department_id = c.category_department_id\n",
    "GROUP BY\n",
    "    o.order_date,\n",
    "    d.department_id,\n",
    "    d.department_name,\n",
    "    c.category_id,\n",
    "    c.category_name,\n",
    "    p.product_id,\n",
    "    p.product_name\n",
    "ORDER BY o.order_date,\n",
    "    revenue DESC;\n",
    "```\n",
    "\n",
    "```text\n",
    "                                                              QUERY PLAN\n",
    "--------------------------------------------------------------------------------------------------------------------------------------\n",
    " Sort  (cost=76368.54..76799.03 rows=172198 width=211)\n",
    "   Sort Key: o.order_date, (round((sum(oi.order_item_subtotal))::numeric, 2)) DESC\n",
    "   ->  Finalize GroupAggregate  (cost=25958.31..43735.23 rows=172198 width=211)\n",
    "         Group Key: o.order_date, d.department_id, c.category_id, p.product_id\n",
    "         ->  Gather Merge  (cost=25958.31..39886.09 rows=101293 width=187)\n",
    "               Workers Planned: 1\n",
    "               ->  Partial GroupAggregate  (cost=24958.30..27490.62 rows=101293 width=187)\n",
    "                     Group Key: o.order_date, d.department_id, c.category_id, p.product_id\n",
    "                     ->  Sort  (cost=24958.30..25211.53 rows=101293 width=187)\n",
    "                           Sort Key: o.order_date, d.department_id, c.category_id, p.product_id\n",
    "                           ->  Hash Join  (cost=2495.48..7188.21 rows=101293 width=187)\n",
    "                                 Hash Cond: (c.category_department_id = d.department_id)\n",
    "                                 ->  Hash Join  (cost=2472.43..6897.32 rows=101293 width=79)\n",
    "                                       Hash Cond: (p.product_category_id = c.category_id)\n",
    "                                       ->  Hash Join  (cost=2470.13..6609.69 rows=101293 width=63)\n",
    "                                             Hash Cond: (oi.order_item_product_id = p.product_id)\n",
    "                                             ->  Hash Join  (cost=2411.87..6284.70 rows=101293 width=20)\n",
    "                                                   Hash Cond: (oi.order_item_order_id = o.order_id)\n",
    "                                                   ->  Parallel Seq Scan on order_items oi  (cost=0.00..2279.93 rows=101293 width=16)\n",
    "                                                   ->  Hash  (cost=1213.83..1213.83 rows=68883 width=12)\n",
    "                                                         ->  Seq Scan on orders o  (cost=0.00..1213.83 rows=68883 width=12)\n",
    "                                             ->  Hash  (cost=41.45..41.45 rows=1345 width=47)\n",
    "                                                   ->  Seq Scan on products p  (cost=0.00..41.45 rows=1345 width=47)\n",
    "                                       ->  Hash  (cost=1.58..1.58 rows=58 width=20)\n",
    "                                             ->  Seq Scan on categories c  (cost=0.00..1.58 rows=58 width=20)\n",
    "                                 ->  Hash  (cost=15.80..15.80 rows=580 width=112)\n",
    "                                       ->  Seq Scan on departments d  (cost=0.00..15.80 rows=580 width=112)\n",
    "(27 rows)\n",
    "```"
   ]
  }
 ],
 "metadata": {
  "kernelspec": {
   "display_name": "Python 3",
   "language": "python",
   "name": "python3"
  },
  "language_info": {
   "codemirror_mode": {
    "name": "ipython",
    "version": 3
   },
   "file_extension": ".py",
   "mimetype": "text/x-python",
   "name": "python",
   "nbconvert_exporter": "python",
   "pygments_lexer": "ipython3",
   "version": "3.6.12"
  }
 },
 "nbformat": 4,
 "nbformat_minor": 4
}
